app/build/intermediates/manifest_merge_blame_file/debug/manifest-merger-blame-debug-report.txt
1<?xml version="1.0" encoding="utf-8"?>
2<manifest xmlns:android="http://schemas.android.com/apk/res/android"
3    package="com.example.imageupload"
4    android:versionCode="1"
5    android:versionName="1.0" >
6
7    <uses-sdk
8        android:minSdkVersion="15"
8-->src\main\AndroidManifest.xml
9        android:targetSdkVersion="29" />
9-->src\main\AndroidManifest.xml
10
11    <uses-permission android:name="android.permission.READ_EXTERNAL_STORAGE" />
11-->src\main\AndroidManifest.xml:5:5-80
11-->src\main\AndroidManifest.xml:5:22-77
12    <uses-permission android:name="android.permission.WRITE_EXTERNAL_STORAGE" />
12-->src\main\AndroidManifest.xml:6:5-81
12-->src\main\AndroidManifest.xml:6:22-78
13    <uses-permission android:name="android.permission.INTERNET" />
13-->src\main\AndroidManifest.xml:7:5-67
13-->src\main\AndroidManifest.xml:7:22-64
14    <uses-permission android:name="android.permission.CAMERA" />
14-->src\main\AndroidManifest.xml:8:5-65
14-->src\main\AndroidManifest.xml:8:22-62
15    <uses-permission android:name="android.permission.READ_PHONE_STATE" />
15-->src\main\AndroidManifest.xml:9:5-75
15-->src\main\AndroidManifest.xml:9:22-72
16
17    <application
17-->src\main\AndroidManifest.xml:11:5-36:19
18        android:allowBackup="true"
18-->src\main\AndroidManifest.xml:12:9-35
19        android:appComponentFactory="androidx.core.app.CoreComponentFactory"
19-->[androidx.core:core:1.1.0] AndroidManifest.xml:24:18-86
20        android:debuggable="true"
21        android:hardwareAccelerated="false"
21-->src\main\AndroidManifest.xml:18:9-44
22        android:icon="@mipmap/ic_launcher"
22-->src\main\AndroidManifest.xml:13:9-43
23        android:label="@string/app_name"
23-->src\main\AndroidManifest.xml:14:9-41
24        android:largeHeap="true"
24-->src\main\AndroidManifest.xml:19:9-33
25        android:roundIcon="@mipmap/ic_launcher_round"
25-->src\main\AndroidManifest.xml:15:9-54
26        android:supportsRtl="true"
26-->src\main\AndroidManifest.xml:16:9-35
27        android:testOnly="true"
28        android:theme="@style/AppThemeNoBar" >
28-->src\main\AndroidManifest.xml:17:9-45
29        <activity android:name="com.example.imageupload.ClothSee" />
29-->src\main\AndroidManifest.xml:20:9-55
29-->src\main\AndroidManifest.xml:20:19-43
30        <activity android:name="com.example.imageupload.EtcChoice" />
30-->src\main\AndroidManifest.xml:21:9-47
30-->src\main\AndroidManifest.xml:21:19-44
31        <activity android:name="com.example.imageupload.ClothChoice" />
31-->src\main\AndroidManifest.xml:22:9-49
31-->src\main\AndroidManifest.xml:22:19-46
32        <activity android:name="com.example.imageupload.ClothList" />
32-->src\main\AndroidManifest.xml:23:9-47
32-->src\main\AndroidManifest.xml:23:19-44
33        <activity android:name="com.example.imageupload.Codi" />
33-->src\main\AndroidManifest.xml:24:9-42
33-->src\main\AndroidManifest.xml:24:19-39
34        <activity android:name="com.example.imageupload.Main" />
34-->src\main\AndroidManifest.xml:25:9-42
34-->src\main\AndroidManifest.xml:25:19-39
35        <activity android:name="com.example.imageupload.Result" />
35-->src\main\AndroidManifest.xml:26:9-44
35-->src\main\AndroidManifest.xml:26:19-41
36        <activity android:name="com.example.imageupload.Home" />
36-->src\main\AndroidManifest.xml:27:9-42
36-->src\main\AndroidManifest.xml:27:19-39
37        <activity android:name="com.example.imageupload.Register" />
37-->src\main\AndroidManifest.xml:28:9-46
37-->src\main\AndroidManifest.xml:28:19-43
38        <activity android:name="com.example.imageupload.Login" >
38-->src\main\AndroidManifest.xml:29:9-35:20
38-->src\main\AndroidManifest.xml:29:19-40
39            <intent-filter>
39-->src\main\AndroidManifest.xml:30:13-34:29
40                <action android:name="android.intent.action.MAIN" />
40-->src\main\AndroidManifest.xml:31:17-69
40-->src\main\AndroidManifest.xml:31:25-66
41
42                <category android:name="android.intent.category.LAUNCHER" />
42-->src\main\AndroidManifest.xml:33:17-77
42-->src\main\AndroidManifest.xml:33:27-74
43            </intent-filter>
44        </activity>
45    </application>
46
47</manifest>